app/build/intermediates/manifest_merge_blame_file/release/processReleaseMainManifest/manifest-merger-blame-release-report.txt
1<?xml version="1.0" encoding="utf-8"?>
2<manifest xmlns:android="http://schemas.android.com/apk/res/android"
3    package="com.geinzz.geinzwork"
4    android:versionCode="21"
5    android:versionName="1.10.0" >
6
7    <uses-sdk
7-->src\main\AndroidManifest.xml:6:5-73
8        android:minSdkVersion="24"
9        android:targetSdkVersion="34" />
10
11    <uses-permission android:name="android.permission.INTERNET" />
11-->src\main\AndroidManifest.xml:7:5-67
11-->src\main\AndroidManifest.xml:7:22-64
12    <uses-permission android:name="android.permission.CALL_PHONE" />
12-->src\main\AndroidManifest.xml:8:5-69
12-->src\main\AndroidManifest.xml:8:22-66
13    <uses-permission android:name="android.permission.POST_NOTIFICATIONS" />
13-->src\main\AndroidManifest.xml:9:5-77
13-->src\main\AndroidManifest.xml:9:22-74
14    <uses-permission android:name="android.permission.WRITE_EXTERNAL_STORAGE" />
14-->src\main\AndroidManifest.xml:10:5-81
14-->src\main\AndroidManifest.xml:10:22-78
15    <uses-permission android:name="android.permission.READ_EXTERNAL_STORAGE" />
15-->src\main\AndroidManifest.xml:11:5-80
15-->src\main\AndroidManifest.xml:11:22-77
16    <uses-permission android:name="android.permission.ACCESS_NETWORK_STATE" />
16-->src\main\AndroidManifest.xml:12:5-79
16-->src\main\AndroidManifest.xml:12:22-76
17    <uses-permission android:name="android.permission.ACCESS_FINE_LOCATION" />
17-->src\main\AndroidManifest.xml:13:5-15:45
17-->src\main\AndroidManifest.xml:14:9-63
18    <uses-permission android:name="android.permission.ACCESS_COARSE_LOCATION" />
18-->src\main\AndroidManifest.xml:16:5-81
18-->src\main\AndroidManifest.xml:16:22-78
19
20    <uses-feature
20-->src\main\AndroidManifest.xml:18:5-20:36
21        android:name="android.hardware.touchscreen"
21-->src\main\AndroidManifest.xml:19:9-52
22        android:required="false" />
22-->src\main\AndroidManifest.xml:20:9-33
23    <uses-feature
23-->src\main\AndroidManifest.xml:21:5-23:36
24        android:name="android.software.leanback"
24-->src\main\AndroidManifest.xml:22:9-49
25        android:required="false" />
25-->src\main\AndroidManifest.xml:23:9-33
26    <uses-feature
26-->src\main\AndroidManifest.xml:24:5-26:36
27        android:name="android.hardware.telephony"
27-->src\main\AndroidManifest.xml:25:9-50
28        android:required="false" />
28-->src\main\AndroidManifest.xml:26:9-33
29
30    <uses-permission android:name="android.permission.WAKE_LOCK" /> <!-- Required by older versions of Google Play services to create IID tokens -->
30-->[com.google.firebase:firebase-messaging:23.4.1] AndroidManifest.xml:24:5-68
30-->[com.google.firebase:firebase-messaging:23.4.1] AndroidManifest.xml:24:22-65
31    <uses-permission android:name="com.google.android.c2dm.permission.RECEIVE" />
31-->[com.google.firebase:firebase-messaging:23.4.1] AndroidManifest.xml:26:5-82
31-->[com.google.firebase:firebase-messaging:23.4.1] AndroidManifest.xml:26:22-79
32    <uses-permission android:name="com.google.android.gms.permission.AD_ID" />
32-->[com.google.android.gms:play-services-measurement-api:21.6.1] AndroidManifest.xml:25:5-79
32-->[com.google.android.gms:play-services-measurement-api:21.6.1] AndroidManifest.xml:25:22-76
33    <uses-permission android:name="android.permission.ACCESS_ADSERVICES_ATTRIBUTION" />
33-->[com.google.android.gms:play-services-measurement-api:21.6.1] AndroidManifest.xml:26:5-88
33-->[com.google.android.gms:play-services-measurement-api:21.6.1] AndroidManifest.xml:26:22-85
34    <uses-permission android:name="android.permission.ACCESS_ADSERVICES_AD_ID" />
34-->[com.google.android.gms:play-services-measurement-api:21.6.1] AndroidManifest.xml:27:5-82
34-->[com.google.android.gms:play-services-measurement-api:21.6.1] AndroidManifest.xml:27:22-79
35    <uses-permission android:name="com.google.android.providers.gsf.permission.READ_GSERVICES" />
35-->[com.google.android.recaptcha:recaptcha:18.4.0] AndroidManifest.xml:9:5-98
35-->[com.google.android.recaptcha:recaptcha:18.4.0] AndroidManifest.xml:9:22-95
36    <uses-permission android:name="com.google.android.finsky.permission.BIND_GET_INSTALL_REFERRER_SERVICE" />
36-->[com.google.android.gms:play-services-measurement:21.6.1] AndroidManifest.xml:26:5-110
36-->[com.google.android.gms:play-services-measurement:21.6.1] AndroidManifest.xml:26:22-107
37
38    <permission
38-->[androidx.core:core:1.13.0] AndroidManifest.xml:22:5-24:47
39        android:name="com.geinzz.geinzwork.DYNAMIC_RECEIVER_NOT_EXPORTED_PERMISSION"
39-->[androidx.core:core:1.13.0] AndroidManifest.xml:23:9-81
40        android:protectionLevel="signature" />
40-->[androidx.core:core:1.13.0] AndroidManifest.xml:24:9-44
41
42    <uses-permission android:name="com.geinzz.geinzwork.DYNAMIC_RECEIVER_NOT_EXPORTED_PERMISSION" />
42-->[androidx.core:core:1.13.0] AndroidManifest.xml:26:5-97
42-->[androidx.core:core:1.13.0] AndroidManifest.xml:26:22-94
43    <uses-permission android:name="android.permission.CAMERA" /> <!-- Don't require camera, as this requires a rear camera. This allows it to work on the Nexus 7 -->
43-->[com.journeyapps:zxing-android-embedded:4.3.0] AndroidManifest.xml:22:5-65
43-->[com.journeyapps:zxing-android-embedded:4.3.0] AndroidManifest.xml:22:22-62
44    <uses-feature
44-->[com.journeyapps:zxing-android-embedded:4.3.0] AndroidManifest.xml:25:5-27:36
45        android:name="android.hardware.camera"
45-->[com.journeyapps:zxing-android-embedded:4.3.0] AndroidManifest.xml:26:9-47
46        android:required="false" />
46-->[com.journeyapps:zxing-android-embedded:4.3.0] AndroidManifest.xml:27:9-33
47    <uses-feature
47-->[com.journeyapps:zxing-android-embedded:4.3.0] AndroidManifest.xml:28:5-30:36
48        android:name="android.hardware.camera.front"
48-->[com.journeyapps:zxing-android-embedded:4.3.0] AndroidManifest.xml:29:9-53
49        android:required="false" /> <!-- TODO replace above two with next line after Android 4.2 -->
49-->[com.journeyapps:zxing-android-embedded:4.3.0] AndroidManifest.xml:30:9-33
50    <!-- <uses-feature android:name="android.hardware.camera.any"/> -->
51    <uses-feature
51-->[com.journeyapps:zxing-android-embedded:4.3.0] AndroidManifest.xml:33:5-35:36
52        android:name="android.hardware.camera.autofocus"
52-->[com.journeyapps:zxing-android-embedded:4.3.0] AndroidManifest.xml:34:9-57
53        android:required="false" />
53-->[com.journeyapps:zxing-android-embedded:4.3.0] AndroidManifest.xml:35:9-33
54    <uses-feature
54-->[com.journeyapps:zxing-android-embedded:4.3.0] AndroidManifest.xml:36:5-38:36
55        android:name="android.hardware.camera.flash"
55-->[com.journeyapps:zxing-android-embedded:4.3.0] AndroidManifest.xml:37:9-53
56        android:required="false" />
56-->[com.journeyapps:zxing-android-embedded:4.3.0] AndroidManifest.xml:38:9-33
57    <uses-feature
57-->[com.journeyapps:zxing-android-embedded:4.3.0] AndroidManifest.xml:39:5-41:36
58        android:name="android.hardware.screen.landscape"
58-->[com.journeyapps:zxing-android-embedded:4.3.0] AndroidManifest.xml:40:9-57
59        android:required="false" />
59-->[com.journeyapps:zxing-android-embedded:4.3.0] AndroidManifest.xml:41:9-33
60    <uses-feature
60-->[com.journeyapps:zxing-android-embedded:4.3.0] AndroidManifest.xml:42:5-44:36
61        android:name="android.hardware.wifi"
61-->[com.journeyapps:zxing-android-embedded:4.3.0] AndroidManifest.xml:43:9-45
62        android:required="false" />
62-->[com.journeyapps:zxing-android-embedded:4.3.0] AndroidManifest.xml:44:9-33
63
64    <application
64-->src\main\AndroidManifest.xml:28:5-362:19
65        android:allowBackup="true"
65-->src\main\AndroidManifest.xml:29:9-35
66        android:appComponentFactory="androidx.core.app.CoreComponentFactory"
66-->[androidx.core:core:1.13.0] AndroidManifest.xml:28:18-86
67        android:dataExtractionRules="@xml/data_extraction_rules"
67-->src\main\AndroidManifest.xml:30:9-65
68        android:extractNativeLibs="false"
69        android:fullBackupContent="@xml/backup_rules"
69-->src\main\AndroidManifest.xml:31:9-54
70        android:icon="@mipmap/ic_launcher"
70-->src\main\AndroidManifest.xml:32:9-43
71        android:label="@string/app_name"
71-->src\main\AndroidManifest.xml:33:9-41
72        android:roundIcon="@mipmap/ic_launcher_round"
72-->src\main\AndroidManifest.xml:34:9-54
73        android:supportsRtl="true"
73-->src\main\AndroidManifest.xml:35:9-35
74        android:theme="@style/Theme.GeinzWork" >
74-->src\main\AndroidManifest.xml:36:9-47
75        <activity
75-->src\main\AndroidManifest.xml:38:9-40:40
76            android:name="com.example.geinzwork.crea_tu_noticia"
76-->src\main\AndroidManifest.xml:39:13-65
77            android:exported="false" />
77-->src\main\AndroidManifest.xml:40:13-37
78        <activity
78-->src\main\AndroidManifest.xml:41:9-43:40
79            android:name="com.example.geinzwork.vistaTrabajador.ver_promociones"
79-->src\main\AndroidManifest.xml:42:13-81
80            android:exported="false" />
80-->src\main\AndroidManifest.xml:43:13-37
81        <activity
81-->src\main\AndroidManifest.xml:44:9-46:40
82            android:name="com.geinzz.geinzwork.servicios_geinz.publicidad_servicios_geinz_activity"
82-->src\main\AndroidManifest.xml:45:13-80
83            android:exported="false" />
83-->src\main\AndroidManifest.xml:46:13-37
84        <activity
84-->src\main\AndroidManifest.xml:47:9-49:40
85            android:name="com.geinzz.geinzwork.servicios_geinz.noticias_servicios_geinz_activity"
85-->src\main\AndroidManifest.xml:48:13-78
86            android:exported="false" />
86-->src\main\AndroidManifest.xml:49:13-37
87        <activity
87-->src\main\AndroidManifest.xml:50:9-52:40
88            android:name="com.example.geinzwork.oferta_principales_geinz"
88-->src\main\AndroidManifest.xml:51:13-74
89            android:exported="false" />
89-->src\main\AndroidManifest.xml:52:13-37
90        <activity
90-->src\main\AndroidManifest.xml:53:9-55:40
91            android:name="com.example.geinzwork.vistaTiendas.agregarPagoComprareservaTiendas"
91-->src\main\AndroidManifest.xml:54:13-94
92            android:exported="false" />
92-->src\main\AndroidManifest.xml:55:13-37
93        <activity
93-->src\main\AndroidManifest.xml:56:9-58:40
94            android:name="com.geinzz.geinzwork.vistaTiendas.direccion_entrega_lat_log"
94-->src\main\AndroidManifest.xml:57:13-67
95            android:exported="false" />
95-->src\main\AndroidManifest.xml:58:13-37
96        <activity
96-->src\main\AndroidManifest.xml:59:9-67:20
97            android:name="com.geinzz.geinzwork.vistaTrabajador.promocionesvista"
97-->src\main\AndroidManifest.xml:60:13-61
98            android:exported="true" >
98-->src\main\AndroidManifest.xml:61:13-36
99            <intent-filter>
99-->src\main\AndroidManifest.xml:62:13-66:29
100                <action android:name="PROMO_SUGERIDAS" />
100-->src\main\AndroidManifest.xml:63:17-58
100-->src\main\AndroidManifest.xml:63:25-55
101
102                <category android:name="android.intent.category.DEFAULT" />
102-->src\main\AndroidManifest.xml:65:17-76
102-->src\main\AndroidManifest.xml:65:27-73
103            </intent-filter>
104        </activity>
105        <activity
105-->src\main\AndroidManifest.xml:68:9-70:40
106            android:name="com.geinzz.geinzwork.vistaTiendas.tienda_no_lanzada_spasl"
106-->src\main\AndroidManifest.xml:69:13-65
107            android:exported="false" />
107-->src\main\AndroidManifest.xml:70:13-37
108        <activity
108-->src\main\AndroidManifest.xml:71:9-73:40
109            android:name="com.geinzz.geinzwork.problemas_soporte_politicas.politicas_creacion_cuenta"
109-->src\main\AndroidManifest.xml:72:13-82
110            android:exported="false" />
110-->src\main\AndroidManifest.xml:73:13-37
111        <activity
111-->src\main\AndroidManifest.xml:74:9-76:40
112            android:name="com.geinzz.geinzwork.servicios_geinz.planes_noticias_servicios_geinz"
112-->src\main\AndroidManifest.xml:75:13-76
113            android:exported="false" />
113-->src\main\AndroidManifest.xml:76:13-37
114        <activity
114-->src\main\AndroidManifest.xml:77:9-79:40
115            android:name="com.geinzz.geinzwork.servicios_geinz.cambiar_imagenes_publicidad_noticias_servicios"
115-->src\main\AndroidManifest.xml:78:13-91
116            android:exported="false" />
116-->src\main\AndroidManifest.xml:79:13-37
117        <activity
117-->src\main\AndroidManifest.xml:80:9-89:20
118            android:name="com.geinzz.geinzwork.servicios_geinz.serviciosGeinz"
118-->src\main\AndroidManifest.xml:81:13-59
119            android:exported="true"
119-->src\main\AndroidManifest.xml:82:13-36
120            android:windowSoftInputMode="adjustPan" >
120-->src\main\AndroidManifest.xml:83:13-52
121            <intent-filter>
121-->src\main\AndroidManifest.xml:84:13-88:29
122                <action android:name="SERVICIOS" />
122-->src\main\AndroidManifest.xml:85:17-52
122-->src\main\AndroidManifest.xml:85:25-49
123
124                <category android:name="android.intent.category.DEFAULT" />
124-->src\main\AndroidManifest.xml:65:17-76
124-->src\main\AndroidManifest.xml:65:27-73
125            </intent-filter>
126        </activity>
127        <activity
127-->src\main\AndroidManifest.xml:90:9-98:20
128            android:name="com.geinzz.geinzwork.problemas_soporte_politicas.reportes_users"
128-->src\main\AndroidManifest.xml:91:13-71
129            android:exported="true" >
129-->src\main\AndroidManifest.xml:92:13-36
130            <intent-filter>
130-->src\main\AndroidManifest.xml:93:13-97:29
131                <action android:name="REPORTE" />
131-->src\main\AndroidManifest.xml:94:17-50
131-->src\main\AndroidManifest.xml:94:25-47
132
133                <category android:name="android.intent.category.DEFAULT" />
133-->src\main\AndroidManifest.xml:65:17-76
133-->src\main\AndroidManifest.xml:65:27-73
134            </intent-filter>
135        </activity>
136        <activity
136-->src\main\AndroidManifest.xml:99:9-101:40
137            android:name="com.geinzz.geinzwork.GenerarQR_trabajador"
137-->src\main\AndroidManifest.xml:100:13-49
138            android:exported="false" />
138-->src\main\AndroidManifest.xml:101:13-37
139        <activity
139-->src\main\AndroidManifest.xml:102:9-104:40
140            android:name="com.geinzz.geinzwork.publicaciones_trabajadores.agregar_redes"
140-->src\main\AndroidManifest.xml:103:13-69
141            android:exported="false" />
141-->src\main\AndroidManifest.xml:104:13-37
142        <activity
142-->src\main\AndroidManifest.xml:105:9-107:40
143            android:name="com.geinzz.geinzwork.publicaciones_trabajadores.voleta_estado_verificacion"
143-->src\main\AndroidManifest.xml:106:13-82
144            android:exported="false" />
144-->src\main\AndroidManifest.xml:107:13-37
145        <activity
145-->src\main\AndroidManifest.xml:108:9-110:40
146            android:name="com.geinzz.geinzwork.publicaciones_trabajadores.editar_publicaciones"
146-->src\main\AndroidManifest.xml:109:13-76
147            android:exported="false" />
147-->src\main\AndroidManifest.xml:110:13-37
148        <activity
148-->src\main\AndroidManifest.xml:111:9-113:40
149            android:name="com.geinzz.geinzwork.ver_publicaciones"
149-->src\main\AndroidManifest.xml:112:13-46
150            android:exported="false" />
150-->src\main\AndroidManifest.xml:113:13-37
151        <activity
151-->src\main\AndroidManifest.xml:114:9-116:55
152            android:name="com.geinzz.geinzwork.crear_trabajos_realizados"
152-->src\main\AndroidManifest.xml:115:13-54
153            android:windowSoftInputMode="adjustPan" />
153-->src\main\AndroidManifest.xml:116:13-52
154        <activity
154-->src\main\AndroidManifest.xml:117:9-119:40
155            android:name="com.geinzz.geinzwork.problemas_soporte_politicas.new_trabajo"
155-->src\main\AndroidManifest.xml:118:13-68
156            android:exported="false" />
156-->src\main\AndroidManifest.xml:119:13-37
157        <activity
157-->src\main\AndroidManifest.xml:120:9-122:40
158            android:name="com.geinzz.geinzwork.problemas_soporte_politicas.veneficios_verificados"
158-->src\main\AndroidManifest.xml:121:13-79
159            android:exported="false" />
159-->src\main\AndroidManifest.xml:122:13-37
160        <activity
160-->src\main\AndroidManifest.xml:123:9-125:40
161            android:name="com.geinzz.geinzwork.problemas_soporte_politicas.politicas_verificacion"
161-->src\main\AndroidManifest.xml:124:13-79
162            android:exported="false" />
162-->src\main\AndroidManifest.xml:125:13-37
163        <activity
163-->src\main\AndroidManifest.xml:126:9-128:40
164            android:name="com.geinzz.geinzwork.problemas_soporte_politicas.verificacion_cuenta_trabajador"
164-->src\main\AndroidManifest.xml:127:13-87
165            android:exported="false" />
165-->src\main\AndroidManifest.xml:128:13-37
166        <activity
166-->src\main\AndroidManifest.xml:129:9-131:40
167            android:name="com.geinzz.geinzwork.quinta"
167-->src\main\AndroidManifest.xml:130:13-35
168            android:exported="false" />
168-->src\main\AndroidManifest.xml:131:13-37
169        <activity
169-->src\main\AndroidManifest.xml:132:9-134:40
170            android:name="com.geinzz.geinzwork.problemas_soporte_politicas.politicas_geinz"
170-->src\main\AndroidManifest.xml:133:13-72
171            android:exported="false" />
171-->src\main\AndroidManifest.xml:134:13-37
172        <activity
172-->src\main\AndroidManifest.xml:135:9-138:55
173            android:name="com.geinzz.geinzwork.problemas_soporte_politicas.probleas_usuarios_formulario"
173-->src\main\AndroidManifest.xml:136:13-85
174            android:exported="false"
174-->src\main\AndroidManifest.xml:137:13-37
175            android:windowSoftInputMode="adjustPan" />
175-->src\main\AndroidManifest.xml:138:13-52
176        <activity
176-->src\main\AndroidManifest.xml:139:9-141:40
177            android:name="com.geinzz.geinzwork.cuarto"
177-->src\main\AndroidManifest.xml:140:13-35
178            android:exported="false" />
178-->src\main\AndroidManifest.xml:141:13-37
179        <activity
179-->src\main\AndroidManifest.xml:142:9-144:40
180            android:name="com.geinzz.geinzwork.tercero"
180-->src\main\AndroidManifest.xml:143:13-36
181            android:exported="false" />
181-->src\main\AndroidManifest.xml:144:13-37
182        <activity
182-->src\main\AndroidManifest.xml:145:9-147:40
183            android:name="com.geinzz.geinzwork.vistaTiendas.ver_mas_servicios"
183-->src\main\AndroidManifest.xml:146:13-59
184            android:exported="false" />
184-->src\main\AndroidManifest.xml:147:13-37
185        <activity
185-->src\main\AndroidManifest.xml:148:9-150:40
186            android:name="com.geinzz.geinzwork.recuperarContra"
186-->src\main\AndroidManifest.xml:149:13-44
187            android:exported="false" />
187-->src\main\AndroidManifest.xml:150:13-37
188        <activity
188-->src\main\AndroidManifest.xml:151:9-159:20
189            android:name="com.geinzz.geinzwork.vistaTiendas.verServicios"
189-->src\main\AndroidManifest.xml:152:13-54
190            android:exported="true" >
190-->src\main\AndroidManifest.xml:153:13-36
191            <intent-filter>
191-->src\main\AndroidManifest.xml:154:13-158:29
192                <action android:name="SERVICIOS_TIENDAS" />
192-->src\main\AndroidManifest.xml:155:17-60
192-->src\main\AndroidManifest.xml:155:25-57
193
194                <category android:name="android.intent.category.DEFAULT" />
194-->src\main\AndroidManifest.xml:65:17-76
194-->src\main\AndroidManifest.xml:65:27-73
195            </intent-filter>
196        </activity>
197        <activity
197-->src\main\AndroidManifest.xml:160:9-162:40
198            android:name="com.geinzz.geinzwork.vistaTiendas.generarQRPedidoArticulos"
198-->src\main\AndroidManifest.xml:161:13-66
199            android:exported="false" />
199-->src\main\AndroidManifest.xml:162:13-37
200        <activity
200-->src\main\AndroidManifest.xml:163:9-165:40
201            android:name="com.geinzz.geinzwork.vistaTiendas.historialCompras"
201-->src\main\AndroidManifest.xml:164:13-58
202            android:exported="false" />
202-->src\main\AndroidManifest.xml:165:13-37
203        <activity
203-->src\main\AndroidManifest.xml:166:9-168:40
204            android:name="com.geinzz.geinzwork.vistaTiendas.carrito_compras"
204-->src\main\AndroidManifest.xml:167:13-57
205            android:exported="false" />
205-->src\main\AndroidManifest.xml:168:13-37
206        <activity
206-->src\main\AndroidManifest.xml:169:9-171:40
207            android:name="com.geinzz.geinzwork.vistaTiendas.NoticiasYofertasFiltrado"
207-->src\main\AndroidManifest.xml:170:13-66
208            android:exported="false" />
208-->src\main\AndroidManifest.xml:171:13-37
209        <activity
209-->src\main\AndroidManifest.xml:172:9-174:40
210            android:name="com.geinzz.geinzwork.confirmacionCompraTienda.confirmacion_de_compra_tienda"
210-->src\main\AndroidManifest.xml:173:13-83
211            android:exported="false" />
211-->src\main\AndroidManifest.xml:174:13-37
212        <activity
212-->src\main\AndroidManifest.xml:175:9-177:40
213            android:name="com.geinzz.geinzwork.vistasPubliciadesGeinz.crear_cuenta_Tienda"
213-->src\main\AndroidManifest.xml:176:13-71
214            android:exported="false" />
214-->src\main\AndroidManifest.xml:177:13-37
215        <activity
215-->src\main\AndroidManifest.xml:178:9-180:40
216            android:name="com.geinzz.geinzwork.vistasPubliciadesGeinz.noticiasGeinzpb"
216-->src\main\AndroidManifest.xml:179:13-67
217            android:exported="false" />
217-->src\main\AndroidManifest.xml:180:13-37
218        <activity
218-->src\main\AndroidManifest.xml:181:9-183:40
219            android:name="com.geinzz.geinzwork.vistasPubliciadesGeinz.PromocionaTuMarca"
219-->src\main\AndroidManifest.xml:182:13-69
220            android:exported="false" />
220-->src\main\AndroidManifest.xml:183:13-37
221        <activity
221-->src\main\AndroidManifest.xml:184:9-186:40
222            android:name="com.geinzz.geinzwork.vistaTiendas.TodasPromocionesSugeridasFiltrado"
222-->src\main\AndroidManifest.xml:185:13-75
223            android:exported="false" />
223-->src\main\AndroidManifest.xml:186:13-37
224        <activity
224-->src\main\AndroidManifest.xml:187:9-189:40
225            android:name="com.geinzz.geinzwork.vistaTiendas.vistaRecicleProductos"
225-->src\main\AndroidManifest.xml:188:13-63
226            android:exported="false" />
226-->src\main\AndroidManifest.xml:189:13-37
227
228        <provider
229            android:name="androidx.core.content.FileProvider"
229-->src\main\AndroidManifest.xml:192:13-62
230            android:authorities="com.geinzz.geinzwork.fileprovider"
230-->src\main\AndroidManifest.xml:193:13-64
231            android:exported="false"
231-->src\main\AndroidManifest.xml:194:13-37
232            android:grantUriPermissions="true" >
232-->src\main\AndroidManifest.xml:195:13-47
233            <meta-data
233-->src\main\AndroidManifest.xml:196:13-198:54
234                android:name="android.support.FILE_PROVIDER_PATHS"
234-->src\main\AndroidManifest.xml:197:17-67
235                android:resource="@xml/file_paths" />
235-->src\main\AndroidManifest.xml:198:17-51
236        </provider>
237
238        <activity
238-->src\main\AndroidManifest.xml:201:9-209:20
239            android:name="com.geinzz.geinzwork.vistaTiendas.vistaProductosGeneralTiendas"
239-->src\main\AndroidManifest.xml:202:13-70
240            android:exported="true" >
240-->src\main\AndroidManifest.xml:203:13-36
241            <intent-filter>
241-->src\main\AndroidManifest.xml:204:13-208:29
242                <action android:name="PRODUCTOS_PRINCIPALES" />
242-->src\main\AndroidManifest.xml:205:17-64
242-->src\main\AndroidManifest.xml:205:25-61
243
244                <category android:name="android.intent.category.DEFAULT" />
244-->src\main\AndroidManifest.xml:65:17-76
244-->src\main\AndroidManifest.xml:65:27-73
245            </intent-filter>
246        </activity>
247        <activity
247-->src\main\AndroidManifest.xml:210:9-212:40
248            android:name="com.geinzz.geinzwork.vistaTiendas.Vista_mostrarTodos_Tiendas"
248-->src\main\AndroidManifest.xml:211:13-68
249            android:exported="false" />
249-->src\main\AndroidManifest.xml:212:13-37
250        <activity
250-->src\main\AndroidManifest.xml:213:9-215:40
251            android:name="com.geinzz.geinzwork.vistaTiendas.TiendasGenerales"
251-->src\main\AndroidManifest.xml:214:13-58
252            android:exported="false" />
252-->src\main\AndroidManifest.xml:215:13-37
253        <activity
253-->src\main\AndroidManifest.xml:216:9-218:40
254            android:name="com.geinzz.geinzwork.vistaTiendas.Ver_mas_anuncios_tiendas"
254-->src\main\AndroidManifest.xml:217:13-66
255            android:exported="false" />
255-->src\main\AndroidManifest.xml:218:13-37
256        <activity
256-->src\main\AndroidManifest.xml:219:9-221:40
257            android:name="com.geinzz.geinzwork.vistaTiendas.Agregar_Ver_Review"
257-->src\main\AndroidManifest.xml:220:13-60
258            android:exported="false" />
258-->src\main\AndroidManifest.xml:221:13-37
259        <activity
259-->src\main\AndroidManifest.xml:222:9-230:20
260            android:name="com.geinzz.geinzwork.vistaTiendas.VistaTienda"
260-->src\main\AndroidManifest.xml:223:13-53
261            android:exported="true" >
261-->src\main\AndroidManifest.xml:224:13-36
262            <intent-filter>
262-->src\main\AndroidManifest.xml:225:13-229:29
263                <action android:name="VISTA_TIENDA" />
263-->src\main\AndroidManifest.xml:226:17-55
263-->src\main\AndroidManifest.xml:226:25-52
264
265                <category android:name="android.intent.category.DEFAULT" />
265-->src\main\AndroidManifest.xml:65:17-76
265-->src\main\AndroidManifest.xml:65:27-73
266            </intent-filter>
267        </activity>
268        <activity
268-->src\main\AndroidManifest.xml:231:9-233:40
269            android:name="com.geinzz.geinzwork.noticias_y_review"
269-->src\main\AndroidManifest.xml:232:13-46
270            android:exported="false" />
270-->src\main\AndroidManifest.xml:233:13-37
271        <activity
271-->src\main\AndroidManifest.xml:234:9-242:20
272            android:name="com.geinzz.geinzwork.vistaTrabajador.ver_detalles_Promociones"
272-->src\main\AndroidManifest.xml:235:13-69
273            android:exported="true" >
273-->src\main\AndroidManifest.xml:236:13-36
274            <intent-filter>
274-->src\main\AndroidManifest.xml:237:13-241:29
275                <action android:name="SUBIDA_NOTICIAS" />
275-->src\main\AndroidManifest.xml:238:17-58
275-->src\main\AndroidManifest.xml:238:25-55
276
277                <category android:name="android.intent.category.DEFAULT" />
277-->src\main\AndroidManifest.xml:65:17-76
277-->src\main\AndroidManifest.xml:65:27-73
278            </intent-filter>
279        </activity>
280        <activity
280-->src\main\AndroidManifest.xml:243:9-245:40
281            android:name="com.geinzz.geinzwork.EditarReview"
281-->src\main\AndroidManifest.xml:244:13-41
282            android:exported="false" />
282-->src\main\AndroidManifest.xml:245:13-37
283        <activity
283-->src\main\AndroidManifest.xml:246:9-248:40
284            android:name="com.geinzz.geinzwork.FuncionalidadGeinz.Cuenta_Info"
284-->src\main\AndroidManifest.xml:247:13-59
285            android:exported="false" />
285-->src\main\AndroidManifest.xml:248:13-37
286        <activity
286-->src\main\AndroidManifest.xml:249:9-251:40
287            android:name="com.geinzz.geinzwork.FuncionalidadGeinz.Categorias_info"
287-->src\main\AndroidManifest.xml:250:13-63
288            android:exported="false" />
288-->src\main\AndroidManifest.xml:251:13-37
289        <activity
289-->src\main\AndroidManifest.xml:252:9-254:40
290            android:name="com.geinzz.geinzwork.FuncionalidadGeinz.Noticias_Info"
290-->src\main\AndroidManifest.xml:253:13-61
291            android:exported="false" />
291-->src\main\AndroidManifest.xml:254:13-37
292        <activity
292-->src\main\AndroidManifest.xml:255:9-257:40
293            android:name="com.geinzz.geinzwork.FuncionalidadGeinz.Inicio_info"
293-->src\main\AndroidManifest.xml:256:13-59
294            android:exported="false" />
294-->src\main\AndroidManifest.xml:257:13-37
295        <activity
295-->src\main\AndroidManifest.xml:258:9-260:40
296            android:name="com.geinzz.geinzwork.FuncionalidadGeinz.comoUsar"
296-->src\main\AndroidManifest.xml:259:13-56
297            android:exported="false" />
297-->src\main\AndroidManifest.xml:260:13-37
298        <activity
298-->src\main\AndroidManifest.xml:261:9-263:40
299            android:name="com.geinzz.geinzwork.planes"
299-->src\main\AndroidManifest.xml:262:13-35
300            android:exported="false" />
300-->src\main\AndroidManifest.xml:263:13-37
301        <activity
301-->src\main\AndroidManifest.xml:264:9-266:40
302            android:name="com.geinzz.geinzwork.Crea_tu_publicidad"
302-->src\main\AndroidManifest.xml:265:13-47
303            android:exported="false" />
303-->src\main\AndroidManifest.xml:266:13-37
304        <activity
304-->src\main\AndroidManifest.xml:267:9-269:40
305            android:name="com.geinzz.geinzwork.Nosotros"
305-->src\main\AndroidManifest.xml:268:13-37
306            android:exported="false" />
306-->src\main\AndroidManifest.xml:269:13-37
307        <activity
307-->src\main\AndroidManifest.xml:270:9-272:40
308            android:name="com.geinzz.geinzwork.vistas_anuncios_general"
308-->src\main\AndroidManifest.xml:271:13-52
309            android:exported="false" />
309-->src\main\AndroidManifest.xml:272:13-37
310        <activity
310-->src\main\AndroidManifest.xml:273:9-275:40
311            android:name="com.geinzz.geinzwork.EditarInfo"
311-->src\main\AndroidManifest.xml:274:13-39
312            android:exported="false" />